ERROR - 2024-12-11 08:40:27 --> Error connecting to the database: mysqli_sql_exception: No connection could be made because the target machine actively refused it in D:\laragon\www\Project009\system\Database\MySQLi\Connection.php:187
Stack trace:
#0 D:\laragon\www\Project009\system\Database\MySQLi\Connection.php(187): mysqli->real_connect('localhost', 'root', '', 'db_saw', 3306, '', 0)
#1 D:\laragon\www\Project009\system\Database\BaseConnection.php(421): CodeIgniter\Database\MySQLi\Connection->connect(false)
#2 D:\laragon\www\Project009\system\Database\BaseConnection.php(616): CodeIgniter\Database\BaseConnection->initialize()
#3 D:\laragon\www\Project009\app\Models\datarangking_model.php(16): CodeIgniter\Database\BaseConnection->query('select * from v...')
#4 D:\laragon\www\Project009\app\Controllers\Home.php(352): App\Models\datarangking_model->tampilranking()
#5 D:\laragon\www\Project009\system\CodeIgniter.php(933): App\Controllers\Home->viewrangking()
#6 D:\laragon\www\Project009\system\CodeIgniter.php(509): CodeIgniter\CodeIgniter->runController(Object(App\Controllers\Home))
#7 D:\laragon\www\Project009\system\CodeIgniter.php(355): CodeIgniter\CodeIgniter->handleRequest(NULL, Object(Config\Cache), false)
#8 D:\laragon\www\Project009\system\Boot.php(325): CodeIgniter\CodeIgniter->run()
#9 D:\laragon\www\Project009\system\Boot.php(67): CodeIgniter\Boot::runCodeIgniter(Object(CodeIgniter\CodeIgniter))
#10 D:\laragon\www\Project009\public\index.php(56): CodeIgniter\Boot::bootWeb(Object(Config\Paths))
#11 D:\laragon\www\Project009\system\rewrite.php(44): require_once('D:\\laragon\\www\\...')
#12 {main}

Next CodeIgniter\Database\Exceptions\DatabaseException: No connection could be made because the target machine actively refused it in D:\laragon\www\Project009\system\Database\MySQLi\Connection.php:231
Stack trace:
#0 D:\laragon\www\Project009\system\Database\BaseConnection.php(421): CodeIgniter\Database\MySQLi\Connection->connect(false)
#1 D:\laragon\www\Project009\system\Database\BaseConnection.php(616): CodeIgniter\Database\BaseConnection->initialize()
#2 D:\laragon\www\Project009\app\Models\datarangking_model.php(16): CodeIgniter\Database\BaseConnection->query('select * from v...')
#3 D:\laragon\www\Project009\app\Controllers\Home.php(352): App\Models\datarangking_model->tampilranking()
#4 D:\laragon\www\Project009\system\CodeIgniter.php(933): App\Controllers\Home->viewrangking()
#5 D:\laragon\www\Project009\system\CodeIgniter.php(509): CodeIgniter\CodeIgniter->runController(Object(App\Controllers\Home))
#6 D:\laragon\www\Project009\system\CodeIgniter.php(355): CodeIgniter\CodeIgniter->handleRequest(NULL, Object(Config\Cache), false)
#7 D:\laragon\www\Project009\system\Boot.php(325): CodeIgniter\CodeIgniter->run()
#8 D:\laragon\www\Project009\system\Boot.php(67): CodeIgniter\Boot::runCodeIgniter(Object(CodeIgniter\CodeIgniter))
#9 D:\laragon\www\Project009\public\index.php(56): CodeIgniter\Boot::bootWeb(Object(Config\Paths))
#10 D:\laragon\www\Project009\system\rewrite.php(44): require_once('D:\\laragon\\www\\...')
#11 {main}
CRITICAL - 2024-12-11 08:40:27 --> CodeIgniter\Database\Exceptions\DatabaseException: Unable to connect to the database.
Main connection [MySQLi]: No connection could be made because the target machine actively refused it
[Method: GET, Route: Home/viewrangking]
in SYSTEMPATH\Database\BaseConnection.php on line 467.
 1 SYSTEMPATH\Database\BaseConnection.php(616): CodeIgniter\Database\BaseConnection->initialize()
 2 APPPATH\Models\datarangking_model.php(16): CodeIgniter\Database\BaseConnection->query('select * from v_hasil_akhir')
 3 APPPATH\Controllers\Home.php(352): App\Models\datarangking_model->tampilranking()
 4 SYSTEMPATH\CodeIgniter.php(933): App\Controllers\Home->viewrangking()
 5 SYSTEMPATH\CodeIgniter.php(509): CodeIgniter\CodeIgniter->runController(Object(App\Controllers\Home))
 6 SYSTEMPATH\CodeIgniter.php(355): CodeIgniter\CodeIgniter->handleRequest(null, Object(Config\Cache), false)
 7 SYSTEMPATH\Boot.php(325): CodeIgniter\CodeIgniter->run()
 8 SYSTEMPATH\Boot.php(67): CodeIgniter\Boot::runCodeIgniter(Object(CodeIgniter\CodeIgniter))
 9 FCPATH\index.php(56): CodeIgniter\Boot::bootWeb(Object(Config\Paths))
10 SYSTEMPATH\rewrite.php(44): require_once('D:\\laragon\\www\\Project009\\public\\index.php')
