CRITICAL - 2024-12-04 07:49:22 --> TypeError: CodeIgniter\Database\BaseResult::getFirstRow(): Argument #1 ($type) must be of type string, null given, called in D:\laragon\www\Project009\system\Model.php on line 330
[Method: GET, Route: Home/formUpdateKN/40]
in SYSTEMPATH\Database\BaseResult.php on line 401.
 1 SYSTEMPATH\Model.php(330): CodeIgniter\Database\BaseResult->getFirstRow(null)
 2 SYSTEMPATH\BaseModel.php(714): CodeIgniter\Model->doFirst()
 3 APPPATH\Models\datakonversi_model.php(39): CodeIgniter\BaseModel->first()
 4 APPPATH\Controllers\Home.php(172): App\Models\datakonversi_model->getKNById('40')
 5 SYSTEMPATH\CodeIgniter.php(933): App\Controllers\Home->formUpdateKN('40')
 6 SYSTEMPATH\CodeIgniter.php(509): CodeIgniter\CodeIgniter->runController(Object(App\Controllers\Home))
 7 SYSTEMPATH\CodeIgniter.php(355): CodeIgniter\CodeIgniter->handleRequest(null, Object(Config\Cache), false)
 8 SYSTEMPATH\Boot.php(325): CodeIgniter\CodeIgniter->run()
 9 SYSTEMPATH\Boot.php(67): CodeIgniter\Boot::runCodeIgniter(Object(CodeIgniter\CodeIgniter))
10 FCPATH\index.php(56): CodeIgniter\Boot::bootWeb(Object(Config\Paths))
11 SYSTEMPATH\rewrite.php(44): require_once('D:\\laragon\\www\\Project009\\public\\index.php')
CRITICAL - 2024-12-04 07:53:44 --> BadMethodCallException: Call to undefined method App\Models\datakonversi_model::getKNById
[Method: GET, Route: Home/formUpdateKN/40]
in SYSTEMPATH\Model.php on line 932.
 1 APPPATH\Controllers\Home.php(172): CodeIgniter\Model->__call('getKNById', [...])
 2 SYSTEMPATH\CodeIgniter.php(933): App\Controllers\Home->formUpdateKN('40')
 3 SYSTEMPATH\CodeIgniter.php(509): CodeIgniter\CodeIgniter->runController(Object(App\Controllers\Home))
 4 SYSTEMPATH\CodeIgniter.php(355): CodeIgniter\CodeIgniter->handleRequest(null, Object(Config\Cache), false)
 5 SYSTEMPATH\Boot.php(325): CodeIgniter\CodeIgniter->run()
 6 SYSTEMPATH\Boot.php(67): CodeIgniter\Boot::runCodeIgniter(Object(CodeIgniter\CodeIgniter))
 7 FCPATH\index.php(56): CodeIgniter\Boot::bootWeb(Object(Config\Paths))
 8 SYSTEMPATH\rewrite.php(44): require_once('D:\\laragon\\www\\Project009\\public\\index.php')
CRITICAL - 2024-12-04 07:54:46 --> BadMethodCallException: Call to undefined method App\Models\datakonversi_model::getKNById
[Method: GET, Route: Home/formUpdateKN/40]
in SYSTEMPATH\Model.php on line 932.
 1 APPPATH\Controllers\Home.php(171): CodeIgniter\Model->__call('getKNById', [...])
 2 SYSTEMPATH\CodeIgniter.php(933): App\Controllers\Home->formUpdateKN('40')
 3 SYSTEMPATH\CodeIgniter.php(509): CodeIgniter\CodeIgniter->runController(Object(App\Controllers\Home))
 4 SYSTEMPATH\CodeIgniter.php(355): CodeIgniter\CodeIgniter->handleRequest(null, Object(Config\Cache), false)
 5 SYSTEMPATH\Boot.php(325): CodeIgniter\CodeIgniter->run()
 6 SYSTEMPATH\Boot.php(67): CodeIgniter\Boot::runCodeIgniter(Object(CodeIgniter\CodeIgniter))
 7 FCPATH\index.php(56): CodeIgniter\Boot::bootWeb(Object(Config\Paths))
 8 SYSTEMPATH\rewrite.php(44): require_once('D:\\laragon\\www\\Project009\\public\\index.php')
CRITICAL - 2024-12-04 07:54:53 --> BadMethodCallException: Call to undefined method App\Models\datakonversi_model::getKNById
[Method: GET, Route: Home/formUpdateKN/38]
in SYSTEMPATH\Model.php on line 932.
 1 APPPATH\Controllers\Home.php(171): CodeIgniter\Model->__call('getKNById', [...])
 2 SYSTEMPATH\CodeIgniter.php(933): App\Controllers\Home->formUpdateKN('38')
 3 SYSTEMPATH\CodeIgniter.php(509): CodeIgniter\CodeIgniter->runController(Object(App\Controllers\Home))
 4 SYSTEMPATH\CodeIgniter.php(355): CodeIgniter\CodeIgniter->handleRequest(null, Object(Config\Cache), false)
 5 SYSTEMPATH\Boot.php(325): CodeIgniter\CodeIgniter->run()
 6 SYSTEMPATH\Boot.php(67): CodeIgniter\Boot::runCodeIgniter(Object(CodeIgniter\CodeIgniter))
 7 FCPATH\index.php(56): CodeIgniter\Boot::bootWeb(Object(Config\Paths))
 8 SYSTEMPATH\rewrite.php(44): require_once('D:\\laragon\\www\\Project009\\public\\index.php')
INFO - 2024-12-04 08:00:32 --> Session: Class initialized using 'CodeIgniter\Session\Handlers\FileHandler' driver.
WARNING - 2024-12-04 08:26:03 --> [DEPRECATED] number_format(): Passing null to parameter #1 ($num) of type float is deprecated in APPPATH\Views\viewnormalisasi.php on line 37.
 1 APPPATH\Views\viewnormalisasi.php(37): number_format(null, 2)
 2 SYSTEMPATH\View\View.php(234): include('D:\\laragon\\www\\Project009\\app\\Views\\viewnormalisasi.php')
 3 SYSTEMPATH\View\View.php(237): CodeIgniter\View\View->CodeIgniter\View\{closure}()
 4 SYSTEMPATH\Common.php(1171): CodeIgniter\View\View->render('viewnormalisasi', [], true)
 5 APPPATH\Controllers\Home.php(321): view('viewnormalisasi', [...])
 6 SYSTEMPATH\CodeIgniter.php(933): App\Controllers\Home->viewnormalisasi()
 7 SYSTEMPATH\CodeIgniter.php(509): CodeIgniter\CodeIgniter->runController(Object(App\Controllers\Home))
 8 SYSTEMPATH\CodeIgniter.php(355): CodeIgniter\CodeIgniter->handleRequest(null, Object(Config\Cache), false)
 9 SYSTEMPATH\Boot.php(325): CodeIgniter\CodeIgniter->run()
10 SYSTEMPATH\Boot.php(67): CodeIgniter\Boot::runCodeIgniter(Object(CodeIgniter\CodeIgniter))
11 FCPATH\index.php(56): CodeIgniter\Boot::bootWeb(Object(Config\Paths))
12 SYSTEMPATH\rewrite.php(44): require_once('D:\\laragon\\www\\Project009\\public\\index.php')
WARNING - 2024-12-04 08:26:03 --> [DEPRECATED] number_format(): Passing null to parameter #1 ($num) of type float is deprecated in APPPATH\Views\viewnormalisasi.php on line 37.
 1 APPPATH\Views\viewnormalisasi.php(37): number_format(null, 2)
 2 SYSTEMPATH\View\View.php(234): include('D:\\laragon\\www\\Project009\\app\\Views\\viewnormalisasi.php')
 3 SYSTEMPATH\View\View.php(237): CodeIgniter\View\View->CodeIgniter\View\{closure}()
 4 SYSTEMPATH\Common.php(1171): CodeIgniter\View\View->render('viewnormalisasi', [], true)
 5 APPPATH\Controllers\Home.php(321): view('viewnormalisasi', [...])
 6 SYSTEMPATH\CodeIgniter.php(933): App\Controllers\Home->viewnormalisasi()
 7 SYSTEMPATH\CodeIgniter.php(509): CodeIgniter\CodeIgniter->runController(Object(App\Controllers\Home))
 8 SYSTEMPATH\CodeIgniter.php(355): CodeIgniter\CodeIgniter->handleRequest(null, Object(Config\Cache), false)
 9 SYSTEMPATH\Boot.php(325): CodeIgniter\CodeIgniter->run()
10 SYSTEMPATH\Boot.php(67): CodeIgniter\Boot::runCodeIgniter(Object(CodeIgniter\CodeIgniter))
11 FCPATH\index.php(56): CodeIgniter\Boot::bootWeb(Object(Config\Paths))
12 SYSTEMPATH\rewrite.php(44): require_once('D:\\laragon\\www\\Project009\\public\\index.php')
WARNING - 2024-12-04 08:26:03 --> [DEPRECATED] number_format(): Passing null to parameter #1 ($num) of type float is deprecated in APPPATH\Views\viewnormalisasi.php on line 37.
 1 APPPATH\Views\viewnormalisasi.php(37): number_format(null, 2)
 2 SYSTEMPATH\View\View.php(234): include('D:\\laragon\\www\\Project009\\app\\Views\\viewnormalisasi.php')
 3 SYSTEMPATH\View\View.php(237): CodeIgniter\View\View->CodeIgniter\View\{closure}()
 4 SYSTEMPATH\Common.php(1171): CodeIgniter\View\View->render('viewnormalisasi', [], true)
 5 APPPATH\Controllers\Home.php(321): view('viewnormalisasi', [...])
 6 SYSTEMPATH\CodeIgniter.php(933): App\Controllers\Home->viewnormalisasi()
 7 SYSTEMPATH\CodeIgniter.php(509): CodeIgniter\CodeIgniter->runController(Object(App\Controllers\Home))
 8 SYSTEMPATH\CodeIgniter.php(355): CodeIgniter\CodeIgniter->handleRequest(null, Object(Config\Cache), false)
 9 SYSTEMPATH\Boot.php(325): CodeIgniter\CodeIgniter->run()
10 SYSTEMPATH\Boot.php(67): CodeIgniter\Boot::runCodeIgniter(Object(CodeIgniter\CodeIgniter))
11 FCPATH\index.php(56): CodeIgniter\Boot::bootWeb(Object(Config\Paths))
12 SYSTEMPATH\rewrite.php(44): require_once('D:\\laragon\\www\\Project009\\public\\index.php')
WARNING - 2024-12-04 08:26:03 --> [DEPRECATED] number_format(): Passing null to parameter #1 ($num) of type float is deprecated in APPPATH\Views\viewnormalisasi.php on line 37.
 1 APPPATH\Views\viewnormalisasi.php(37): number_format(null, 2)
 2 SYSTEMPATH\View\View.php(234): include('D:\\laragon\\www\\Project009\\app\\Views\\viewnormalisasi.php')
 3 SYSTEMPATH\View\View.php(237): CodeIgniter\View\View->CodeIgniter\View\{closure}()
 4 SYSTEMPATH\Common.php(1171): CodeIgniter\View\View->render('viewnormalisasi', [], true)
 5 APPPATH\Controllers\Home.php(321): view('viewnormalisasi', [...])
 6 SYSTEMPATH\CodeIgniter.php(933): App\Controllers\Home->viewnormalisasi()
 7 SYSTEMPATH\CodeIgniter.php(509): CodeIgniter\CodeIgniter->runController(Object(App\Controllers\Home))
 8 SYSTEMPATH\CodeIgniter.php(355): CodeIgniter\CodeIgniter->handleRequest(null, Object(Config\Cache), false)
 9 SYSTEMPATH\Boot.php(325): CodeIgniter\CodeIgniter->run()
10 SYSTEMPATH\Boot.php(67): CodeIgniter\Boot::runCodeIgniter(Object(CodeIgniter\CodeIgniter))
11 FCPATH\index.php(56): CodeIgniter\Boot::bootWeb(Object(Config\Paths))
12 SYSTEMPATH\rewrite.php(44): require_once('D:\\laragon\\www\\Project009\\public\\index.php')
WARNING - 2024-12-04 08:26:03 --> [DEPRECATED] number_format(): Passing null to parameter #1 ($num) of type float is deprecated in APPPATH\Views\viewnormalisasi.php on line 37.
 1 APPPATH\Views\viewnormalisasi.php(37): number_format(null, 2)
 2 SYSTEMPATH\View\View.php(234): include('D:\\laragon\\www\\Project009\\app\\Views\\viewnormalisasi.php')
 3 SYSTEMPATH\View\View.php(237): CodeIgniter\View\View->CodeIgniter\View\{closure}()
 4 SYSTEMPATH\Common.php(1171): CodeIgniter\View\View->render('viewnormalisasi', [], true)
 5 APPPATH\Controllers\Home.php(321): view('viewnormalisasi', [...])
 6 SYSTEMPATH\CodeIgniter.php(933): App\Controllers\Home->viewnormalisasi()
 7 SYSTEMPATH\CodeIgniter.php(509): CodeIgniter\CodeIgniter->runController(Object(App\Controllers\Home))
 8 SYSTEMPATH\CodeIgniter.php(355): CodeIgniter\CodeIgniter->handleRequest(null, Object(Config\Cache), false)
 9 SYSTEMPATH\Boot.php(325): CodeIgniter\CodeIgniter->run()
10 SYSTEMPATH\Boot.php(67): CodeIgniter\Boot::runCodeIgniter(Object(CodeIgniter\CodeIgniter))
11 FCPATH\index.php(56): CodeIgniter\Boot::bootWeb(Object(Config\Paths))
12 SYSTEMPATH\rewrite.php(44): require_once('D:\\laragon\\www\\Project009\\public\\index.php')
WARNING - 2024-12-04 08:26:03 --> [DEPRECATED] number_format(): Passing null to parameter #1 ($num) of type float is deprecated in APPPATH\Views\viewnormalisasi.php on line 37.
 1 APPPATH\Views\viewnormalisasi.php(37): number_format(null, 2)
 2 SYSTEMPATH\View\View.php(234): include('D:\\laragon\\www\\Project009\\app\\Views\\viewnormalisasi.php')
 3 SYSTEMPATH\View\View.php(237): CodeIgniter\View\View->CodeIgniter\View\{closure}()
 4 SYSTEMPATH\Common.php(1171): CodeIgniter\View\View->render('viewnormalisasi', [], true)
 5 APPPATH\Controllers\Home.php(321): view('viewnormalisasi', [...])
 6 SYSTEMPATH\CodeIgniter.php(933): App\Controllers\Home->viewnormalisasi()
 7 SYSTEMPATH\CodeIgniter.php(509): CodeIgniter\CodeIgniter->runController(Object(App\Controllers\Home))
 8 SYSTEMPATH\CodeIgniter.php(355): CodeIgniter\CodeIgniter->handleRequest(null, Object(Config\Cache), false)
 9 SYSTEMPATH\Boot.php(325): CodeIgniter\CodeIgniter->run()
10 SYSTEMPATH\Boot.php(67): CodeIgniter\Boot::runCodeIgniter(Object(CodeIgniter\CodeIgniter))
11 FCPATH\index.php(56): CodeIgniter\Boot::bootWeb(Object(Config\Paths))
12 SYSTEMPATH\rewrite.php(44): require_once('D:\\laragon\\www\\Project009\\public\\index.php')
