ERROR - 2024-11-25 06:14:51 --> Error connecting to the database: mysqli_sql_exception: No connection could be made because the target machine actively refused it in D:\laragon\www\Project009\system\Database\MySQLi\Connection.php:187
Stack trace:
#0 D:\laragon\www\Project009\system\Database\MySQLi\Connection.php(187): mysqli->real_connect('localhost', 'root', '', 'db_saw', 3306, '', 0)
#1 D:\laragon\www\Project009\system\Database\BaseConnection.php(421): CodeIgniter\Database\MySQLi\Connection->connect(false)
#2 D:\laragon\www\Project009\system\Database\BaseConnection.php(616): CodeIgniter\Database\BaseConnection->initialize()
#3 D:\laragon\www\Project009\app\Models\datakriteria_model.php(16): CodeIgniter\Database\BaseConnection->query('select * from k...')
#4 D:\laragon\www\Project009\app\Controllers\Home.php(39): App\Models\datakriteria_model->tampilkriteria()
#5 D:\laragon\www\Project009\system\CodeIgniter.php(933): App\Controllers\Home->viewkriteria()
#6 D:\laragon\www\Project009\system\CodeIgniter.php(509): CodeIgniter\CodeIgniter->runController(Object(App\Controllers\Home))
#7 D:\laragon\www\Project009\system\CodeIgniter.php(355): CodeIgniter\CodeIgniter->handleRequest(NULL, Object(Config\Cache), false)
#8 D:\laragon\www\Project009\system\Boot.php(325): CodeIgniter\CodeIgniter->run()
#9 D:\laragon\www\Project009\system\Boot.php(67): CodeIgniter\Boot::runCodeIgniter(Object(CodeIgniter\CodeIgniter))
#10 D:\laragon\www\Project009\public\index.php(56): CodeIgniter\Boot::bootWeb(Object(Config\Paths))
#11 D:\laragon\www\Project009\system\rewrite.php(44): require_once('D:\\laragon\\www\\...')
#12 {main}

Next CodeIgniter\Database\Exceptions\DatabaseException: No connection could be made because the target machine actively refused it in D:\laragon\www\Project009\system\Database\MySQLi\Connection.php:231
Stack trace:
#0 D:\laragon\www\Project009\system\Database\BaseConnection.php(421): CodeIgniter\Database\MySQLi\Connection->connect(false)
#1 D:\laragon\www\Project009\system\Database\BaseConnection.php(616): CodeIgniter\Database\BaseConnection->initialize()
#2 D:\laragon\www\Project009\app\Models\datakriteria_model.php(16): CodeIgniter\Database\BaseConnection->query('select * from k...')
#3 D:\laragon\www\Project009\app\Controllers\Home.php(39): App\Models\datakriteria_model->tampilkriteria()
#4 D:\laragon\www\Project009\system\CodeIgniter.php(933): App\Controllers\Home->viewkriteria()
#5 D:\laragon\www\Project009\system\CodeIgniter.php(509): CodeIgniter\CodeIgniter->runController(Object(App\Controllers\Home))
#6 D:\laragon\www\Project009\system\CodeIgniter.php(355): CodeIgniter\CodeIgniter->handleRequest(NULL, Object(Config\Cache), false)
#7 D:\laragon\www\Project009\system\Boot.php(325): CodeIgniter\CodeIgniter->run()
#8 D:\laragon\www\Project009\system\Boot.php(67): CodeIgniter\Boot::runCodeIgniter(Object(CodeIgniter\CodeIgniter))
#9 D:\laragon\www\Project009\public\index.php(56): CodeIgniter\Boot::bootWeb(Object(Config\Paths))
#10 D:\laragon\www\Project009\system\rewrite.php(44): require_once('D:\\laragon\\www\\...')
#11 {main}
CRITICAL - 2024-11-25 06:14:51 --> CodeIgniter\Database\Exceptions\DatabaseException: Unable to connect to the database.
Main connection [MySQLi]: No connection could be made because the target machine actively refused it
[Method: GET, Route: Home/viewkriteria]
in SYSTEMPATH\Database\BaseConnection.php on line 467.
 1 SYSTEMPATH\Database\BaseConnection.php(616): CodeIgniter\Database\BaseConnection->initialize()
 2 APPPATH\Models\datakriteria_model.php(16): CodeIgniter\Database\BaseConnection->query('select * from kriteria')
 3 APPPATH\Controllers\Home.php(39): App\Models\datakriteria_model->tampilkriteria()
 4 SYSTEMPATH\CodeIgniter.php(933): App\Controllers\Home->viewkriteria()
 5 SYSTEMPATH\CodeIgniter.php(509): CodeIgniter\CodeIgniter->runController(Object(App\Controllers\Home))
 6 SYSTEMPATH\CodeIgniter.php(355): CodeIgniter\CodeIgniter->handleRequest(null, Object(Config\Cache), false)
 7 SYSTEMPATH\Boot.php(325): CodeIgniter\CodeIgniter->run()
 8 SYSTEMPATH\Boot.php(67): CodeIgniter\Boot::runCodeIgniter(Object(CodeIgniter\CodeIgniter))
 9 FCPATH\index.php(56): CodeIgniter\Boot::bootWeb(Object(Config\Paths))
10 SYSTEMPATH\rewrite.php(44): require_once('D:\\laragon\\www\\Project009\\public\\index.php')
CRITICAL - 2024-11-25 06:17:13 --> ErrorException: Undefined variable $datamb
[Method: GET, Route: Home/formedit/5]
in APPPATH\Views\Update_data.php on line 10.
 1 APPPATH\Views\Update_data.php(10): CodeIgniter\Debug\Exceptions->errorHandler(2, 'Undefined variable $datamb', 'D:\\laragon\\www\\Project009\\app\\Views\\Update_data.php', 10)
 2 SYSTEMPATH\View\View.php(234): include('D:\\laragon\\www\\Project009\\app\\Views\\Update_data.php')
 3 SYSTEMPATH\View\View.php(237): CodeIgniter\View\View->CodeIgniter\View\{closure}()
 4 SYSTEMPATH\Common.php(1171): CodeIgniter\View\View->render('Update_data', [], true)
 5 APPPATH\Controllers\Home.php(66): view('Update_data')
 6 SYSTEMPATH\CodeIgniter.php(933): App\Controllers\Home->formedit('5')
 7 SYSTEMPATH\CodeIgniter.php(509): CodeIgniter\CodeIgniter->runController(Object(App\Controllers\Home))
 8 SYSTEMPATH\CodeIgniter.php(355): CodeIgniter\CodeIgniter->handleRequest(null, Object(Config\Cache), false)
 9 SYSTEMPATH\Boot.php(325): CodeIgniter\CodeIgniter->run()
10 SYSTEMPATH\Boot.php(67): CodeIgniter\Boot::runCodeIgniter(Object(CodeIgniter\CodeIgniter))
11 FCPATH\index.php(56): CodeIgniter\Boot::bootWeb(Object(Config\Paths))
12 SYSTEMPATH\rewrite.php(44): require_once('D:\\laragon\\www\\Project009\\public\\index.php')
